<?xml version="1.0" encoding="UTF-8"?>
<testsuite xmlns:xsi="http://www.w3.org/2001/XMLSchema-instance" xsi:noNamespaceSchemaLocation="https://maven.apache.org/surefire/maven-surefire-plugin/xsd/surefire-test-report-3.0.xsd" version="3.0" name="org.example.AppTest" time="0.009" tests="1" errors="0" skipped="0" failures="0">
  <properties>
    <property name="java.specification.version" value="17"/>
    <property name="sun.cpu.isalist" value="amd64"/>
    <property name="sun.jnu.encoding" value="Cp1252"/>
    <property name="java.class.path" value="C:\Users\linwe\github\ClusterSimulator\target\test-classes;C:\Users\linwe\github\ClusterSimulator\target\classes;C:\Users\linwe\.m2\repository\junit\junit\3.8.1\junit-3.8.1.jar;C:\Users\linwe\.m2\repository\org\apache\maven\plugins\maven-jar-plugin\3.3.0\maven-jar-plugin-3.3.0.jar;C:\Users\linwe\.m2\repository\org\apache\maven\shared\file-management\3.1.0\file-management-3.1.0.jar;C:\Users\linwe\.m2\repository\org\slf4j\slf4j-api\1.7.36\slf4j-api-1.7.36.jar;C:\Users\linwe\.m2\repository\commons-io\commons-io\2.11.0\commons-io-2.11.0.jar;C:\Users\linwe\.m2\repository\org\apache\maven\maven-archiver\3.6.0\maven-archiver-3.6.0.jar;C:\Users\linwe\.m2\repository\org\codehaus\plexus\plexus-io\3.4.0\plexus-io-3.4.0.jar;C:\Users\linwe\.m2\repository\javax\inject\javax.inject\1\javax.inject-1.jar;C:\Users\linwe\.m2\repository\org\codehaus\plexus\plexus-archiver\4.4.0\plexus-archiver-4.4.0.jar;C:\Users\linwe\.m2\repository\org\apache\commons\commons-compress\1.21\commons-compress-1.21.jar;C:\Users\linwe\.m2\repository\org\iq80\snappy\snappy\0.4\snappy-0.4.jar;C:\Users\linwe\.m2\repository\org\tukaani\xz\1.9\xz-1.9.jar;C:\Users\linwe\.m2\repository\org\codehaus\plexus\plexus-interpolation\1.26\plexus-interpolation-1.26.jar;C:\Users\linwe\.m2\repository\org\codehaus\plexus\plexus-utils\3.4.2\plexus-utils-3.4.2.jar;C:\Users\linwe\.m2\repository\org\apache\maven\plugins\maven-clean-plugin\2.4.1\maven-clean-plugin-2.4.1.jar;C:\Users\linwe\.m2\repository\org\apache\maven\maven-plugin-api\2.0.6\maven-plugin-api-2.0.6.jar;"/>
    <property name="java.vm.vendor" value="Oracle Corporation"/>
    <property name="sun.arch.data.model" value="64"/>
    <property name="user.variant" value=""/>
    <property name="java.vendor.url" value="https://java.oracle.com/"/>
    <property name="user.timezone" value="America/Los_Angeles"/>
    <property name="os.name" value="Windows 11"/>
    <property name="java.vm.specification.version" value="17"/>
    <property name="sun.java.launcher" value="SUN_STANDARD"/>
    <property name="user.country" value="US"/>
    <property name="sun.boot.library.path" value="C:\Program Files\Java\jdk-17\bin"/>
    <property name="sun.java.command" value="C:\Users\linwe\AppData\Local\Temp\surefire5792685403251977542\surefirebooter-20230611221815450_3.jar C:\Users\linwe\AppData\Local\Temp\surefire5792685403251977542 2023-06-11T22-18-15_283-jvmRun1 surefire-20230611221815450_1tmp surefire_0-20230611221815450_2tmp"/>
    <property name="jdk.debug" value="release"/>
    <property name="surefire.test.class.path" value="C:\Users\linwe\github\ClusterSimulator\target\test-classes;C:\Users\linwe\github\ClusterSimulator\target\classes;C:\Users\linwe\.m2\repository\junit\junit\3.8.1\junit-3.8.1.jar;C:\Users\linwe\.m2\repository\org\apache\maven\plugins\maven-jar-plugin\3.3.0\maven-jar-plugin-3.3.0.jar;C:\Users\linwe\.m2\repository\org\apache\maven\shared\file-management\3.1.0\file-management-3.1.0.jar;C:\Users\linwe\.m2\repository\org\slf4j\slf4j-api\1.7.36\slf4j-api-1.7.36.jar;C:\Users\linwe\.m2\repository\commons-io\commons-io\2.11.0\commons-io-2.11.0.jar;C:\Users\linwe\.m2\repository\org\apache\maven\maven-archiver\3.6.0\maven-archiver-3.6.0.jar;C:\Users\linwe\.m2\repository\org\codehaus\plexus\plexus-io\3.4.0\plexus-io-3.4.0.jar;C:\Users\linwe\.m2\repository\javax\inject\javax.inject\1\javax.inject-1.jar;C:\Users\linwe\.m2\repository\org\codehaus\plexus\plexus-archiver\4.4.0\plexus-archiver-4.4.0.jar;C:\Users\linwe\.m2\repository\org\apache\commons\commons-compress\1.21\commons-compress-1.21.jar;C:\Users\linwe\.m2\repository\org\iq80\snappy\snappy\0.4\snappy-0.4.jar;C:\Users\linwe\.m2\repository\org\tukaani\xz\1.9\xz-1.9.jar;C:\Users\linwe\.m2\repository\org\codehaus\plexus\plexus-interpolation\1.26\plexus-interpolation-1.26.jar;C:\Users\linwe\.m2\repository\org\codehaus\plexus\plexus-utils\3.4.2\plexus-utils-3.4.2.jar;C:\Users\linwe\.m2\repository\org\apache\maven\plugins\maven-clean-plugin\2.4.1\maven-clean-plugin-2.4.1.jar;C:\Users\linwe\.m2\repository\org\apache\maven\maven-plugin-api\2.0.6\maven-plugin-api-2.0.6.jar;"/>
    <property name="sun.cpu.endian" value="little"/>
    <property name="user.home" value="C:\Users\linwe"/>
    <property name="user.language" value="en"/>
    <property name="java.specification.vendor" value="Oracle Corporation"/>
    <property name="java.version.date" value="2023-04-18"/>
    <property name="java.home" value="C:\Program Files\Java\jdk-17"/>
    <property name="file.separator" value="\"/>
    <property name="basedir" value="C:\Users\linwe\github\ClusterSimulator"/>
    <property name="java.vm.compressedOopsMode" value="Zero based"/>
    <property name="line.separator" value="&#10;"/>
    <property name="java.vm.specification.vendor" value="Oracle Corporation"/>
    <property name="java.specification.name" value="Java Platform API Specification"/>
    <property name="surefire.real.class.path" value="C:\Users\linwe\AppData\Local\Temp\surefire5792685403251977542\surefirebooter-20230611221815450_3.jar"/>
    <property name="user.script" value=""/>
    <property name="sun.management.compiler" value="HotSpot 64-Bit Tiered Compilers"/>
    <property name="java.runtime.version" value="17.0.7+8-LTS-224"/>
    <property name="user.name" value="wen"/>
    <property name="path.separator" value=";"/>
    <property name="os.version" value="10.0"/>
    <property name="java.runtime.name" value="Java(TM) SE Runtime Environment"/>
    <property name="file.encoding" value="Cp1252"/>
    <property name="java.vm.name" value="Java HotSpot(TM) 64-Bit Server VM"/>
    <property name="localRepository" value="C:\Users\linwe\.m2\repository"/>
    <property name="java.vendor.url.bug" value="https://bugreport.java.com/bugreport/"/>
    <property name="java.io.tmpdir" value="C:\Users\linwe\AppData\Local\Temp\"/>
    <property name="java.version" value="17.0.7"/>
    <property name="user.dir" value="C:\Users\linwe\github\ClusterSimulator"/>
    <property name="os.arch" value="amd64"/>
    <property name="java.vm.specification.name" value="Java Virtual Machine Specification"/>
    <property name="sun.os.patch.level" value=""/>
    <property name="native.encoding" value="Cp1252"/>
    <property name="java.library.path" value="C:\Program Files\Java\jdk-17\bin;C:\WINDOWS\Sun\Java\bin;C:\WINDOWS\system32;C:\WINDOWS;C:\Program Files\Common Files\Oracle\Java\javapath;C:\Windows\system32;C:\Windows;C:\Windows\System32\Wbem;C:\Windows\System32\WindowsPowerShell\v1.0\;C:\Windows\System32\OpenSSH\;C:\Program Files (x86)\NVIDIA Corporation\PhysX\Common;C:\Program Files\NVIDIA Corporation\NVIDIA NvDLISR;C:\Program Files\PowerShell\7\;C:\Program Files\Docker\Docker\resources\bin;C:\WINDOWS\system32;C:\WINDOWS;C:\WINDOWS\System32\Wbem;C:\WINDOWS\System32\WindowsPowerShell\v1.0\;C:\WINDOWS\System32\OpenSSH\;C:\ProgramData\chocolatey\bin;%NVM_HOME%;%NVM_SYMLINK%;C:\Program Files\Git\cmd;C:\ProgramData\chocolatey\lib\maven\apache-maven-3.9.2\bin;C:\Users\linwe\AppData\Local\Microsoft\WindowsApps;C:\Users\linwe\AppData\Local\Programs\Microsoft VS Code\bin;C:\Users\linwe\AppData\Local\Programs\MiKTeX\miktex\bin\x64\;C:\Users\linwe\AppData\Roaming\nvm;C:\Program Files\nodejs;."/>
    <property name="java.vm.info" value="mixed mode, sharing"/>
    <property name="java.vendor" value="Oracle Corporation"/>
    <property name="java.vm.version" value="17.0.7+8-LTS-224"/>
    <property name="sun.io.unicode.encoding" value="UnicodeLittle"/>
    <property name="java.class.version" value="61.0"/>
  </properties>
  <testcase name="testApp" classname="org.example.AppTest" time="0.001"/>
</testsuite>