<?xml version="1.0" encoding="UTF-8"?>
<testsuite xmlns:xsi="http://www.w3.org/2001/XMLSchema-instance" xsi:noNamespaceSchemaLocation="https://maven.apache.org/surefire/maven-surefire-plugin/xsd/surefire-test-report-3.0.xsd" version="3.0" name="org.example.AppTest" time="0.02" tests="1" errors="0" skipped="0" failures="0">
  <properties>
    <property name="java.specification.version" value="17"/>
    <property name="sun.jnu.encoding" value="UTF-8"/>
    <property name="java.class.path" value="/mnt/c/Users/linwe/github/ClusterSimulator/target/test-classes:/mnt/c/Users/linwe/github/ClusterSimulator/target/classes:/home/wen/.m2/repository/junit/junit/3.8.1/junit-3.8.1.jar:/home/wen/.m2/repository/org/apache/maven/plugins/maven-jar-plugin/3.3.0/maven-jar-plugin-3.3.0.jar:/home/wen/.m2/repository/org/apache/maven/shared/file-management/3.1.0/file-management-3.1.0.jar:/home/wen/.m2/repository/org/slf4j/slf4j-api/1.7.36/slf4j-api-1.7.36.jar:/home/wen/.m2/repository/commons-io/commons-io/2.11.0/commons-io-2.11.0.jar:/home/wen/.m2/repository/org/apache/maven/maven-archiver/3.6.0/maven-archiver-3.6.0.jar:/home/wen/.m2/repository/org/codehaus/plexus/plexus-io/3.4.0/plexus-io-3.4.0.jar:/home/wen/.m2/repository/javax/inject/javax.inject/1/javax.inject-1.jar:/home/wen/.m2/repository/org/codehaus/plexus/plexus-archiver/4.4.0/plexus-archiver-4.4.0.jar:/home/wen/.m2/repository/org/apache/commons/commons-compress/1.21/commons-compress-1.21.jar:/home/wen/.m2/repository/org/iq80/snappy/snappy/0.4/snappy-0.4.jar:/home/wen/.m2/repository/org/tukaani/xz/1.9/xz-1.9.jar:/home/wen/.m2/repository/org/codehaus/plexus/plexus-interpolation/1.26/plexus-interpolation-1.26.jar:/home/wen/.m2/repository/org/codehaus/plexus/plexus-utils/3.4.2/plexus-utils-3.4.2.jar:/home/wen/.m2/repository/org/apache/maven/plugins/maven-clean-plugin/2.4.1/maven-clean-plugin-2.4.1.jar:/home/wen/.m2/repository/org/apache/maven/maven-plugin-api/2.0.6/maven-plugin-api-2.0.6.jar:"/>
    <property name="java.vm.vendor" value="Private Build"/>
    <property name="sun.arch.data.model" value="64"/>
    <property name="java.vendor.url" value="Unknown"/>
    <property name="os.name" value="Linux"/>
    <property name="java.vm.specification.version" value="17"/>
    <property name="sun.java.launcher" value="SUN_STANDARD"/>
    <property name="sun.boot.library.path" value="/usr/lib/jvm/java-17-openjdk-amd64/lib"/>
    <property name="sun.java.command" value="/mnt/c/Users/linwe/github/ClusterSimulator/target/surefire/surefirebooter-20230612031048232_3.jar /mnt/c/Users/linwe/github/ClusterSimulator/target/surefire 2023-06-12T03-10-48_053-jvmRun1 surefire-20230612031048232_1tmp surefire_0-20230612031048232_2tmp"/>
    <property name="jdk.debug" value="release"/>
    <property name="surefire.test.class.path" value="/mnt/c/Users/linwe/github/ClusterSimulator/target/test-classes:/mnt/c/Users/linwe/github/ClusterSimulator/target/classes:/home/wen/.m2/repository/junit/junit/3.8.1/junit-3.8.1.jar:/home/wen/.m2/repository/org/apache/maven/plugins/maven-jar-plugin/3.3.0/maven-jar-plugin-3.3.0.jar:/home/wen/.m2/repository/org/apache/maven/shared/file-management/3.1.0/file-management-3.1.0.jar:/home/wen/.m2/repository/org/slf4j/slf4j-api/1.7.36/slf4j-api-1.7.36.jar:/home/wen/.m2/repository/commons-io/commons-io/2.11.0/commons-io-2.11.0.jar:/home/wen/.m2/repository/org/apache/maven/maven-archiver/3.6.0/maven-archiver-3.6.0.jar:/home/wen/.m2/repository/org/codehaus/plexus/plexus-io/3.4.0/plexus-io-3.4.0.jar:/home/wen/.m2/repository/javax/inject/javax.inject/1/javax.inject-1.jar:/home/wen/.m2/repository/org/codehaus/plexus/plexus-archiver/4.4.0/plexus-archiver-4.4.0.jar:/home/wen/.m2/repository/org/apache/commons/commons-compress/1.21/commons-compress-1.21.jar:/home/wen/.m2/repository/org/iq80/snappy/snappy/0.4/snappy-0.4.jar:/home/wen/.m2/repository/org/tukaani/xz/1.9/xz-1.9.jar:/home/wen/.m2/repository/org/codehaus/plexus/plexus-interpolation/1.26/plexus-interpolation-1.26.jar:/home/wen/.m2/repository/org/codehaus/plexus/plexus-utils/3.4.2/plexus-utils-3.4.2.jar:/home/wen/.m2/repository/org/apache/maven/plugins/maven-clean-plugin/2.4.1/maven-clean-plugin-2.4.1.jar:/home/wen/.m2/repository/org/apache/maven/maven-plugin-api/2.0.6/maven-plugin-api-2.0.6.jar:"/>
    <property name="sun.cpu.endian" value="little"/>
    <property name="user.home" value="/home/wen"/>
    <property name="user.language" value="en"/>
    <property name="java.specification.vendor" value="Oracle Corporation"/>
    <property name="java.version.date" value="2023-04-18"/>
    <property name="java.home" value="/usr/lib/jvm/java-17-openjdk-amd64"/>
    <property name="file.separator" value="/"/>
    <property name="basedir" value="/mnt/c/Users/linwe/github/ClusterSimulator"/>
    <property name="java.vm.compressedOopsMode" value="Zero based"/>
    <property name="line.separator" value="&#10;"/>
    <property name="java.vm.specification.vendor" value="Oracle Corporation"/>
    <property name="java.specification.name" value="Java Platform API Specification"/>
    <property name="surefire.real.class.path" value="/mnt/c/Users/linwe/github/ClusterSimulator/target/surefire/surefirebooter-20230612031048232_3.jar"/>
    <property name="sun.management.compiler" value="HotSpot 64-Bit Tiered Compilers"/>
    <property name="java.runtime.version" value="17.0.7+7-Ubuntu-0ubuntu122.04.2"/>
    <property name="user.name" value="wen"/>
    <property name="path.separator" value=":"/>
    <property name="os.version" value="5.15.90.1-microsoft-standard-WSL2"/>
    <property name="java.runtime.name" value="OpenJDK Runtime Environment"/>
    <property name="file.encoding" value="UTF-8"/>
    <property name="java.vm.name" value="OpenJDK 64-Bit Server VM"/>
    <property name="localRepository" value="/home/wen/.m2/repository"/>
    <property name="java.vendor.url.bug" value="Unknown"/>
    <property name="java.io.tmpdir" value="/tmp"/>
    <property name="java.version" value="17.0.7"/>
    <property name="user.dir" value="/mnt/c/Users/linwe/github/ClusterSimulator"/>
    <property name="os.arch" value="amd64"/>
    <property name="java.vm.specification.name" value="Java Virtual Machine Specification"/>
    <property name="native.encoding" value="UTF-8"/>
    <property name="java.library.path" value="/usr/java/packages/lib:/usr/lib/x86_64-linux-gnu/jni:/lib/x86_64-linux-gnu:/usr/lib/x86_64-linux-gnu:/usr/lib/jni:/lib:/usr/lib"/>
    <property name="java.vm.info" value="mixed mode, sharing"/>
    <property name="java.vendor" value="Private Build"/>
    <property name="java.vm.version" value="17.0.7+7-Ubuntu-0ubuntu122.04.2"/>
    <property name="sun.io.unicode.encoding" value="UnicodeLittle"/>
    <property name="java.class.version" value="61.0"/>
  </properties>
  <testcase name="testApp" classname="org.example.AppTest" time="0.008"/>
</testsuite>